2008-12-05 09:29:34 Debug: Notice (1024): Please change the value of 'Security.salt' in app/config/core.php to a salt value specific to your application in [CORE\cake\libs\debugger.php, line 541]
2008-12-05 09:36:19 Debug: Notice (1024): Please change the value of 'Security.salt' in app/config/core.php to a salt value specific to your application in [CORE\cake\libs\debugger.php, line 541]
2008-12-05 10:28:59 Debug: Notice (1024): Please change the value of 'Security.salt' in app/config/core.php to a salt value specific to your application in [CORE\cake\libs\debugger.php, line 541]
2008-12-05 11:28:32 Debug: Notice (1024): Please change the value of 'Security.salt' in app/config/core.php to a salt value specific to your application in [CORE\cake\libs\debugger.php, line 541]
2008-12-05 12:13:07 Debug: Notice (8): Undefined variable: users in [APP\views\home\index.ctp, line 11]
2008-12-05 12:15:10 Debug: Notice (8): Undefined variable: users in [APP\views\home\index.ctp, line 11]
2008-12-05 12:18:02 Debug: Notice (8): Undefined index:  app_friendsell_user in [APP\views\home\index.ctp, line 13]
2008-12-05 19:22:54 Debug: Notice (8): Undefined variable: users in [APP\views\home\index.ctp, line 11]
2008-12-05 19:25:33 Debug: Notice (8): Undefined variable: users in [APP\views\home\index.ctp, line 11]
2008-12-05 19:25:41 Debug: Notice (8): Undefined variable: users in [APP\views\home\index.ctp, line 11]
2008-12-05 19:25:50 Debug: Notice (8): Undefined variable: users in [APP\views\home\index.ctp, line 11]
2008-12-05 19:26:41 Debug: Notice (8): Undefined variable: users in [APP\views\home\index.ctp, line 11]
2008-12-05 19:27:08 Debug: Notice (8): Undefined variable: users in [APP\views\home\index.ctp, line 11]
2008-12-05 19:30:13 Debug: Notice (8): Undefined variable: users in [APP\views\home\index.ctp, line 11]
2008-12-05 19:33:42 Debug: Notice (8): Undefined variable: users in [APP\views\home\index.ctp, line 11]
2008-12-05 20:42:46 Debug: Notice (8): Undefined variable: users in [APP\views\home\index.ctp, line 11]
2008-12-05 21:01:42 Debug: Notice (8): Undefined variable: users in [APP\views\home\index.ctp, line 11]
2008-12-05 21:02:53 Debug: Notice (8): Undefined variable: users in [APP\views\home\index.ctp, line 11]
2008-12-05 21:11:56 Debug: Notice (8): Undefined variable: users in [APP\views\home\index.ctp, line 11]
2008-12-05 21:13:15 Debug: Notice (8): Undefined variable: users in [APP\views\home\index.ctp, line 11]
2008-12-05 21:20:40 Debug: Notice (8): Undefined variable: users in [APP\views\home\index.ctp, line 11]
2008-12-05 21:22:14 Debug: Notice (8): Undefined variable: users in [APP\views\home\index.ctp, line 11]
2008-12-05 21:23:45 Debug: Notice (8): Undefined variable: users in [APP\views\home\index.ctp, line 11]
2008-12-05 21:24:16 Debug: Notice (8): Undefined variable: users in [APP\views\home\index.ctp, line 11]
2008-12-05 21:24:37 Debug: Notice (8): Undefined variable: users in [APP\views\home\index.ctp, line 11]
2008-12-06 00:32:46 Debug: Notice (8): Undefined index:  id in [APP\controllers\app_controller.php, line 9]
2008-12-06 00:33:11 Debug: Notice (8): Undefined index:  id in [APP\controllers\app_controller.php, line 9]
2008-12-06 00:33:27 Debug: Notice (8): Undefined index:  id in [APP\controllers\app_controller.php, line 9]
2008-12-06 00:33:42 Debug: Notice (8): Undefined index:  id in [APP\controllers\app_controller.php, line 9]
2008-12-06 00:34:28 Debug: Notice (8): Undefined index:  id in [APP\controllers\app_controller.php, line 9]
2008-12-06 00:34:36 Debug: Notice (8): Undefined variable: users in [APP\views\home\index.ctp, line 11]
2008-12-06 00:49:27 Debug: Notice (8): Undefined variable: baseUrl in [APP\views\home\index.ctp, line 1]
2008-12-06 00:49:27 Debug: Notice (8): Undefined variable: baseUrl in [APP\views\home\index.ctp, line 2]
2008-12-06 00:55:49 Debug: Notice (8): Undefined index:  id in [APP\controllers\app_controller.php, line 9]
2008-12-06 00:55:49 Debug: Notice (8): Undefined index:  id in [APP\controllers\app_controller.php, line 9]
2008-12-06 00:56:34 Debug: Notice (8): Undefined index:  id in [APP\controllers\app_controller.php, line 9]
2008-12-06 00:56:34 Debug: Notice (8): Undefined index:  id in [APP\controllers\app_controller.php, line 9]
2008-12-06 19:33:22 Debug: Notice (8): Undefined index:  id in [APP\controllers\app_controller.php, line 9]
2008-12-07 00:48:16 Debug: Notice (8): Undefined index:  id in [APP\controllers\app_controller.php, line 9]
2008-12-07 00:50:04 Debug: Notice (8): Undefined variable: uid in [APP\models\user.php, line 18]
2008-12-07 00:50:04 Debug: Notice (8): Undefined variable: uid in [APP\models\user.php, line 24]
2008-12-07 01:23:57 Debug: Notice (8): Undefined property:  Publicinfo::$money in [APP\controllers\home_controller.php, line 11]
2008-12-07 01:24:53 Debug: Notice (8): Undefined property:  Publicinfo::$money in [APP\controllers\home_controller.php, line 11]
2008-12-07 01:26:07 Debug: Notice (8): Undefined property:  User::$Publicinfo in [APP\controllers\home_controller.php, line 11]
2008-12-07 01:26:54 Debug: Notice (8): Undefined property:  User::$Publicinfo in [APP\controllers\home_controller.php, line 11]
2008-12-07 01:28:24 Debug: Notice (8): Undefined property:  Publicinfo::$money in [APP\controllers\home_controller.php, line 11]
2008-12-07 01:33:58 Debug: Notice (8): Trying to get property of non-object in [APP\controllers\home_controller.php, line 11]
2008-12-07 01:35:08 Debug: Notice (8): Trying to get property of non-object in [APP\controllers\home_controller.php, line 11]
2008-12-07 01:35:13 Debug: Notice (8): Trying to get property of non-object in [APP\controllers\home_controller.php, line 11]
2008-12-07 01:36:38 Debug: Notice (8): Trying to get property of non-object in [APP\controllers\home_controller.php, line 12]
2008-12-07 01:37:23 Debug: Notice (8): Trying to get property of non-object in [APP\controllers\home_controller.php, line 12]
2008-12-07 09:03:42 Debug: Notice (8): Undefined index:  id in [APP\controllers\app_controller.php, line 9]
2008-12-07 09:03:55 Debug: Notice (8): Undefined property:  PagesController::$User in [APP\controllers\app_controller.php, line 11]
2008-12-07 09:04:29 Debug: Notice (8): Trying to get property of non-object in [APP\controllers\home_controller.php, line 12]
2008-12-07 09:25:47 Debug: Notice (8): Undefined variable: currernt_user in [APP\views\home\index.ctp, line 31]
2008-12-07 09:26:50 Debug: Notice (8): Undefined index:  nickname in [APP\views\home\index.ctp, line 31]
2008-12-07 09:35:36 Debug: Notice (8): Undefined index:  agname in [APP\views\home\index.ctp, line 31]
2008-12-07 09:35:36 Debug: Notice (8): Undefined index:  sell_price in [APP\views\home\index.ctp, line 36]
2008-12-07 09:35:36 Debug: Notice (8): Undefined index:  total_money in [APP\views\home\index.ctp, line 37]
2008-12-07 09:35:36 Debug: Notice (8): Undefined index:  slave_count in [APP\views\home\index.ctp, line 39]
2008-12-07 09:37:28 Debug: Notice (8): Undefined index:  agname in [APP\views\home\index.ctp, line 31]
2008-12-07 09:54:22 Debug: Notice (8): Undefined index:  id in [APP\controllers\app_controller.php, line 9]
2008-12-07 09:56:04 Debug: Notice (8): Undefined index:  id in [APP\controllers\app_controller.php, line 9]
2008-12-07 09:56:38 Debug: Notice (8): Undefined index:  id in [APP\controllers\app_controller.php, line 9]
2008-12-07 10:10:35 Debug: Notice (8): Undefined variable: home in [APP\views\home\index.ctp, line 28]
2008-12-07 10:13:27 Debug: Notice (8): Undefined variable: link in [APP\views\home\index.ctp, line 28]
2008-12-07 13:26:18 Debug: Notice (8): Undefined index:  id in [APP\controllers\app_controller.php, line 9]
2008-12-07 14:33:32 Debug: Notice (8): Undefined variable: friends in [APP\controllers\home_controller.php, line 22]
2008-12-07 19:52:33 Debug: Notice (8): Undefined index:  friends in [APP\controllers\app_controller.php, line 16]
2008-12-07 19:57:43 Debug: Notice (8): Undefined index:  id in [APP\controllers\app_controller.php, line 11]
2008-12-07 19:58:37 Debug: Notice (8): Undefined property:  User::$Friends in [APP\models\user.php, line 38]
2008-12-07 20:00:07 Debug: Notice (8): Undefined property:  User::$Friends in [APP\models\user.php, line 38]
2008-12-07 20:13:34 Debug: Notice (8): Undefined property:  User::$Friends in [APP\models\user.php, line 39]
2008-12-07 20:32:08 Debug: Notice (8): Undefined index:  buddyid in [APP\models\user.php, line 44]
2008-12-07 20:36:31 Debug: Notice (8): Undefined index:  Friends in [APP\models\user.php, line 44]
2008-12-07 20:41:09 Debug: Notice (8): Undefined index:  Friends in [APP\models\user.php, line 45]
2008-12-07 20:44:05 Debug: Notice (8): Undefined index:  Friends in [APP\models\user.php, line 45]
2008-12-07 20:44:05 Debug: Notice (8): Undefined index:  Friends in [APP\models\user.php, line 45]
2008-12-07 20:44:05 Debug: Notice (8): Undefined index:  Friends in [APP\models\user.php, line 45]
2008-12-07 20:51:50 Debug: Notice (8): Undefined index:  Friends in [APP\models\user.php, line 45]
2008-12-07 20:51:50 Debug: Notice (8): Undefined index:  Friends in [APP\models\user.php, line 45]
2008-12-07 20:51:50 Debug: Notice (8): Undefined index:  Friends in [APP\models\user.php, line 45]
2008-12-07 20:56:30 Debug: Notice (8): Undefined index:  Friends in [APP\models\user.php, line 46]
2008-12-07 20:56:30 Debug: Notice (8): Undefined index:  Friends in [APP\models\user.php, line 46]
2008-12-07 20:56:30 Debug: Notice (8): Undefined index:  Friends in [APP\models\user.php, line 46]
2008-12-07 21:21:01 Debug: Notice (8): Undefined index:  agname in [APP\views\home\index.ctp, line 44]
2008-12-07 22:32:07 Debug: Notice (8): Undefined index:  id in [APP\controllers\app_controller.php, line 9]
2008-12-07 22:32:07 Debug: Notice (8): Undefined variable:  HTTP_COOKIE_VARS in [APP\controllers\app_controller.php, line 30]
2008-12-07 22:33:37 Debug: Notice (8): Undefined index:  id in [APP\controllers\app_controller.php, line 9]
2008-12-07 22:33:37 Debug: Notice (8): Undefined variable:  HTTP_COOKIE_VARS in [APP\controllers\app_controller.php, line 30]
2008-12-07 22:33:48 Debug: Notice (8): Undefined index:  id in [APP\controllers\app_controller.php, line 9]
2008-12-07 22:33:48 Debug: Notice (8): Undefined index:  id in [APP\controllers\app_controller.php, line 30]
2008-12-07 22:46:09 Debug: Notice (8): Undefined index:  friend_ids in [APP\controllers\home_controller.php, line 22]
2008-12-07 22:48:04 Debug: Notice (8): Undefined index:  friend_ids in [APP\controllers\home_controller.php, line 22]
2008-12-07 22:53:42 Debug: Notice (8): Undefined index:  friends in [APP\controllers\app_controller.php, line 17]
2008-12-08 13:13:10 Debug: Notice (8): Undefined index:  id in [APP\controllers\app_controller.php, line 9]
2008-12-08 13:13:10 Debug: Notice (8): Undefined index:  id in [APP\controllers\app_controller.php, line 30]
2008-12-08 13:13:19 Debug: Notice (8): Undefined index:  id in [APP\controllers\app_controller.php, line 9]
2008-12-08 13:13:19 Debug: Notice (8): Undefined index:  id in [APP\controllers\app_controller.php, line 30]
2008-12-08 13:14:05 Debug: Notice (8): Undefined index:  friends in [APP\controllers\app_controller.php, line 17]
2008-12-08 13:22:52 Debug: Notice (8): Undefined variable: tmp_u in [APP\controllers\app_controller.php, line 16]
2008-12-08 13:28:09 Debug: Notice (8): Undefined variable: friends_info in [APP\controllers\home_controller.php, line 27]
2008-12-08 13:28:46 Debug: Notice (8): Undefined variable: friends_info in [APP\controllers\home_controller.php, line 27]
2008-12-08 13:29:37 Debug: Notice (8): Undefined variable: friends_info in [APP\controllers\home_controller.php, line 27]
2008-12-08 13:30:10 Debug: Notice (8): Undefined index:  id in [APP\controllers\app_controller.php, line 9]
2008-12-08 13:30:10 Debug: Notice (8): Undefined index:  id in [APP\controllers\app_controller.php, line 25]
2008-12-08 13:30:58 Debug: Notice (8): Undefined index:  id in [APP\controllers\app_controller.php, line 9]
2008-12-08 13:30:58 Debug: Notice (8): Undefined index:  id in [APP\controllers\app_controller.php, line 25]
2008-12-08 13:31:07 Debug: Notice (8): Undefined index:  id in [APP\controllers\app_controller.php, line 9]
2008-12-08 13:31:07 Debug: Notice (8): Undefined index:  id in [APP\controllers\app_controller.php, line 25]
2008-12-08 13:31:44 Debug: Notice (8): Undefined index:  id in [APP\controllers\app_controller.php, line 9]
2008-12-08 13:31:44 Debug: Notice (8): Undefined index:  id in [APP\controllers\app_controller.php, line 25]
2008-12-08 13:31:52 Debug: Notice (8): Undefined index:  id in [APP\controllers\app_controller.php, line 9]
2008-12-08 13:31:52 Debug: Notice (8): Undefined index:  id in [APP\controllers\app_controller.php, line 25]
2008-12-08 13:33:39 Debug: Notice (8): Undefined index:  id in [APP\controllers\app_controller.php, line 9]
2008-12-08 13:33:39 Debug: Notice (8): Undefined index:  id in [APP\controllers\app_controller.php, line 25]
2008-12-08 13:33:55 Debug: Notice (8): Undefined index:  id in [APP\controllers\app_controller.php, line 9]
2008-12-08 13:33:55 Debug: Notice (8): Undefined index:  id in [APP\controllers\app_controller.php, line 25]
2008-12-08 13:34:05 Debug: Notice (8): Undefined index:  id in [APP\controllers\app_controller.php, line 9]
2008-12-08 13:34:05 Debug: Notice (8): Undefined index:  id in [APP\controllers\app_controller.php, line 25]
2008-12-08 13:34:52 Debug: Notice (8): Undefined index:  id in [APP\controllers\app_controller.php, line 9]
2008-12-08 13:34:52 Debug: Notice (8): Undefined index:  id in [APP\controllers\app_controller.php, line 25]
2008-12-08 13:35:03 Debug: Notice (8): Undefined index:  id in [APP\controllers\app_controller.php, line 9]
2008-12-08 13:35:03 Debug: Notice (8): Undefined index:  id in [APP\controllers\app_controller.php, line 25]
2008-12-08 13:36:10 Debug: Notice (8): Undefined index:  id in [APP\controllers\app_controller.php, line 9]
2008-12-08 13:36:10 Debug: Notice (8): Undefined index:  id in [APP\controllers\app_controller.php, line 25]
2008-12-08 13:36:37 Debug: Notice (8): Undefined index:  id in [APP\controllers\app_controller.php, line 9]
2008-12-08 13:36:37 Debug: Notice (8): Undefined index:  id in [APP\controllers\app_controller.php, line 25]
2008-12-08 13:37:01 Debug: Notice (8): Undefined index:  id in [APP\controllers\app_controller.php, line 9]
2008-12-08 13:37:14 Debug: Notice (8): Undefined index:  id in [APP\controllers\app_controller.php, line 9]
2008-12-08 13:37:55 Debug: Notice (8): Undefined index:  id in [APP\controllers\app_controller.php, line 9]
2008-12-08 13:38:09 Debug: Notice (8): Undefined index:  id in [APP\controllers\app_controller.php, line 9]
2008-12-09 12:53:41 Debug: Notice (8): Undefined index:  id in [APP\controllers\app_controller.php, line 9]
2008-12-09 12:59:12 Debug: Notice (8): Undefined index:  user_id in [APP\controllers\app_controller.php, line 9]
2008-12-09 12:59:12 Debug: Notice (8): Undefined variable: HTTP_COOKIE_VARS in [APP\controllers\app_controller.php, line 25]
2008-12-09 12:59:21 Debug: Notice (8): Undefined index:  id in [APP\controllers\home_controller.php, line 18]
2008-12-09 13:11:14 Debug: Notice (8): Undefined index:  userinfo in [APP\views\home\index.ctp, line 41]
2008-12-09 13:11:14 Debug: Notice (8): Undefined index:  userinfo in [APP\views\home\index.ctp, line 44]
2008-12-09 13:11:14 Debug: Notice (8): Undefined index:  User in [APP\views\home\index.ctp, line 44]
2008-12-09 13:11:14 Debug: Notice (8): Undefined index:  User in [APP\views\home\index.ctp, line 49]
2008-12-09 13:11:14 Debug: Notice (8): Undefined index:  User in [APP\views\home\index.ctp, line 50]
2008-12-09 13:11:14 Debug: Notice (8): Undefined index:  publicinfo in [APP\views\home\index.ctp, line 51]
2008-12-09 13:11:14 Debug: Notice (8): Undefined index:  User in [APP\views\home\index.ctp, line 52]
