2008-12-05 12:13:07 Warning: Warning (2): Invalid argument supplied for foreach() in [APP\views\home\index.ctp, line 11]
2008-12-05 12:15:10 Warning: Warning (2): Invalid argument supplied for foreach() in [APP\views\home\index.ctp, line 11]
2008-12-05 19:22:54 Warning: Warning (2): Invalid argument supplied for foreach() in [APP\views\home\index.ctp, line 11]
2008-12-05 19:25:33 Warning: Warning (2): Invalid argument supplied for foreach() in [APP\views\home\index.ctp, line 11]
2008-12-05 19:25:41 Warning: Warning (2): Invalid argument supplied for foreach() in [APP\views\home\index.ctp, line 11]
2008-12-05 19:25:50 Warning: Warning (2): Invalid argument supplied for foreach() in [APP\views\home\index.ctp, line 11]
2008-12-05 19:26:41 Warning: Warning (2): Invalid argument supplied for foreach() in [APP\views\home\index.ctp, line 11]
2008-12-05 19:27:08 Warning: Warning (2): Invalid argument supplied for foreach() in [APP\views\home\index.ctp, line 11]
2008-12-05 19:30:13 Warning: Warning (2): Invalid argument supplied for foreach() in [APP\views\home\index.ctp, line 11]
2008-12-05 19:33:42 Warning: Warning (2): Invalid argument supplied for foreach() in [APP\views\home\index.ctp, line 11]
2008-12-05 20:42:46 Warning: Warning (2): Invalid argument supplied for foreach() in [APP\views\home\index.ctp, line 11]
2008-12-05 21:01:42 Warning: Warning (2): Invalid argument supplied for foreach() in [APP\views\home\index.ctp, line 11]
2008-12-05 21:02:53 Warning: Warning (512): <span style = "color:Red;text-align:left"><b>SQL Error:</b> 1054: Unknown column 'userinfo.id' in 'on clause'</span> in [CORE\cake\libs\model\datasources\dbo_source.php, line 521]
2008-12-05 21:02:53 Warning: Warning (2): Invalid argument supplied for foreach() in [APP\views\home\index.ctp, line 11]
2008-12-05 21:11:56 Warning: Warning (512): <span style = "color:Red;text-align:left"><b>SQL Error:</b> 1054: Unknown column 'publicinfo.id' in 'on clause'</span> in [CORE\cake\libs\model\datasources\dbo_source.php, line 521]
2008-12-05 21:11:56 Warning: Warning (2): Invalid argument supplied for foreach() in [APP\views\home\index.ctp, line 11]
2008-12-05 21:13:15 Warning: Warning (2): Invalid argument supplied for foreach() in [APP\views\home\index.ctp, line 11]
2008-12-05 21:20:39 Warning: Warning (512): <span style = "color:Red;text-align:left"><b>SQL Error:</b> 1052: Column 'id' in where clause is ambiguous</span> in [CORE\cake\libs\model\datasources\dbo_source.php, line 521]
2008-12-05 21:20:40 Warning: Warning (2): Invalid argument supplied for foreach() in [APP\views\home\index.ctp, line 11]
2008-12-05 21:22:14 Warning: Warning (512): <span style = "color:Red;text-align:left"><b>SQL Error:</b> 1054: Unknown column 'publicinfo.tongju_users_id' in 'on clause'</span> in [CORE\cake\libs\model\datasources\dbo_source.php, line 521]
2008-12-05 21:22:14 Warning: Warning (2): Invalid argument supplied for foreach() in [APP\views\home\index.ctp, line 11]
2008-12-05 21:23:45 Warning: Warning (512): <span style = "color:Red;text-align:left"><b>SQL Error:</b> 1064: You have an error in your SQL syntax; check the manual that corresponds to your MySQL server version for the right syntax to use near '.tongju_user_id = 8    LIMIT 1' at line 1</span> in [CORE\cake\libs\model\datasources\dbo_source.php, line 521]
2008-12-05 21:23:45 Warning: Warning (2): Invalid argument supplied for foreach() in [APP\views\home\index.ctp, line 11]
2008-12-05 21:24:16 Warning: Warning (512): <span style = "color:Red;text-align:left"><b>SQL Error:</b> 1054: Unknown column 'User.tongju_user_id' in 'where clause'</span> in [CORE\cake\libs\model\datasources\dbo_source.php, line 521]
2008-12-05 21:24:16 Warning: Warning (2): Invalid argument supplied for foreach() in [APP\views\home\index.ctp, line 11]
2008-12-05 21:24:37 Warning: Warning (512): <span style = "color:Red;text-align:left"><b>SQL Error:</b> 1054: Unknown column 'publicinfo.tongju_users_id' in 'on clause'</span> in [CORE\cake\libs\model\datasources\dbo_source.php, line 521]
2008-12-05 21:24:37 Warning: Warning (2): Invalid argument supplied for foreach() in [APP\views\home\index.ctp, line 11]
2008-12-06 00:34:36 Warning: Warning (2): Invalid argument supplied for foreach() in [APP\views\home\index.ctp, line 11]
2008-12-06 19:45:27 Warning: Warning (512): <span style = "color:Red;text-align:left"><b>SQL Error:</b> 1064: You have an error in your SQL syntax; check the manual that corresponds to your MySQL server version for the right syntax to use near 'find_or_create_by_uid' at line 1</span> in [CORE\cake\libs\model\datasources\dbo_source.php, line 521]
2008-12-06 19:45:40 Warning: Warning (512): <span style = "color:Red;text-align:left"><b>SQL Error:</b> 1064: You have an error in your SQL syntax; check the manual that corresponds to your MySQL server version for the right syntax to use near 'login' at line 1</span> in [CORE\cake\libs\model\datasources\dbo_source.php, line 521]
2008-12-07 00:48:22 Warning: Warning (512): <span style = "color:Red;text-align:left"><b>SQL Error:</b> 1064: You have an error in your SQL syntax; check the manual that corresponds to your MySQL server version for the right syntax to use near 'login' at line 1</span> in [CORE\cake\libs\model\datasources\dbo_source.php, line 521]
2008-12-07 00:50:04 Warning: Warning (512): <span style = "color:Red;text-align:left"><b>SQL Error:</b> 1064: You have an error in your SQL syntax; check the manual that corresponds to your MySQL server version for the right syntax to use near 'LIMIT 1' at line 1</span> in [CORE\cake\libs\model\datasources\dbo_source.php, line 521]
2008-12-07 01:27:15 Warning: Warning (4096): Object of class Publicinfo could not be converted to string in [APP\controllers\home_controller.php, line 11]
2008-12-07 01:27:56 Warning: Warning (512): <span style = "color:Red;text-align:left"><b>SQL Error:</b> 1064: You have an error in your SQL syntax; check the manual that corresponds to your MySQL server version for the right syntax to use near 'toArray' at line 1</span> in [CORE\cake\libs\model\datasources\dbo_source.php, line 521]
2008-12-07 10:38:37 Warning: Warning (512): <span style = "color:Red;text-align:left"><b>SQL Error:</b> 1364: Field 'agname' doesn't have a default value</span> in [CORE\cake\libs\model\datasources\dbo_source.php, line 521]
2008-12-07 10:39:34 Warning: Warning (512): <span style = "color:Red;text-align:left"><b>SQL Error:</b> 1364: Field 'agname' doesn't have a default value</span> in [CORE\cake\libs\model\datasources\dbo_source.php, line 521]
2008-12-07 19:40:56 Warning: Warning (512): <span style = "color:Red;text-align:left"><b>SQL Error:</b> 1062: Duplicate entry '9' for key 1</span> in [CORE\cake\libs\model\datasources\dbo_source.php, line 521]
2008-12-07 19:52:33 Warning: Warning (2): Invalid argument supplied for foreach() in [APP\controllers\app_controller.php, line 16]
2008-12-07 20:32:08 Warning: Warning (2): Cannot modify header information - headers already sent by (output started at d:\ruby\www\cake\app\controllers\app_controller.php:42) in [APP\controllers\app_controller.php, line 25]
2008-12-07 20:34:02 Warning: Warning (2): Cannot modify header information - headers already sent by (output started at d:\ruby\www\cake\app\controllers\app_controller.php:42) in [APP\controllers\app_controller.php, line 25]
2008-12-07 22:46:09 Warning: Warning (512): <span style = "color:Red;text-align:left"><b>SQL Error:</b> 1064: You have an error in your SQL syntax; check the manual that corresponds to your MySQL server version for the right syntax to use near ')' at line 1</span> in [CORE\cake\libs\model\datasources\dbo_source.php, line 521]
2008-12-07 22:52:15 Warning: Warning (2): fopen(D:\usr\webroot\cake\app\tmp\cache\persistent\cake_core_dir_map) [<a href='http://php.net/function.fopen'>function.fopen</a>]: failed to open stream: No such file or directory in [CORE\cake\libs\file.php, line 146]
2008-12-07 22:53:42 Warning: Warning (2): Invalid argument supplied for foreach() in [APP\controllers\app_controller.php, line 17]
2008-12-08 13:14:05 Warning: Warning (2): Invalid argument supplied for foreach() in [APP\controllers\app_controller.php, line 17]
2008-12-08 13:28:09 Warning: Warning (2): Invalid argument supplied for foreach() in [APP\controllers\home_controller.php, line 27]
2008-12-08 13:28:46 Warning: Warning (2): Invalid argument supplied for foreach() in [APP\controllers\home_controller.php, line 27]
2008-12-08 13:29:37 Warning: Warning (2): Invalid argument supplied for foreach() in [APP\controllers\home_controller.php, line 27]
2008-12-09 13:06:55 Warning: Warning (512): <span style = "color:Red;text-align:left"><b>SQL Error:</b> 1064: You have an error in your SQL syntax; check the manual that corresponds to your MySQL server version for the right syntax to use near 'LIMIT 1' at line 1</span> in [CORE\cake\libs\model\datasources\dbo_source.php, line 521]
2008-12-09 13:06:55 Warning: Warning (512): <span style = "color:Red;text-align:left"><b>SQL Error:</b> 1364: Field 'tongju_users_id' doesn't have a default value</span> in [CORE\cake\libs\model\datasources\dbo_source.php, line 521]
2008-12-09 13:10:19 Warning: Warning (512): <span style = "color:Red;text-align:left"><b>SQL Error:</b> 1054: Unknown column 'Userinfo.user_id' in 'where clause'</span> in [CORE\cake\libs\model\datasources\dbo_source.php, line 521]
